[03:51:25] [main/INFO] [LaunchWrapper]: Loading tweak class name net.minecraftforge.fml.common.launcher.FMLServerTweaker
[03:51:25] [main/INFO] [LaunchWrapper]: Using primary tweak class name net.minecraftforge.fml.common.launcher.FMLServerTweaker
[03:51:25] [main/INFO] [LaunchWrapper]: Calling tweak class net.minecraftforge.fml.common.launcher.FMLServerTweaker
[03:51:25] [main/INFO] [FML]: Forge Mod Loader version 14.23.5.2859 for Minecraft 1.12.2 loading
[03:51:25] [main/INFO] [FML]: Java is OpenJDK 64-Bit Server VM, version 1.8.0_402, running on Linux:amd64:6.5.0-1018-azure, installed at /usr/lib/jvm/java-8-openjdk-amd64/jre
[03:51:25] [main/INFO] [FML]: Searching /workspaces/sadsa/servidor_minecraft/./mods for mods
[03:51:25] [main/INFO] [FML]: Loading tweaker org.spongepowered.asm.launch.MixinTweaker from [1.12.2] SecurityCraft v1.9.6.jar
[03:51:25] [main/WARN] [FML]: Found FMLCorePluginContainsFMLMod marker in cxlibrary-1.12.1-1.6.1.jar. This is not recommended, @Mods should be in a separate jar from the coremod.
[03:51:25] [main/WARN] [FML]: The coremod cubex2.cxlibrary.CoreModLoader does not have a MCVersion annotation, it may cause issues with this version of Minecraft
[03:51:25] [main/WARN] [FML]: The coremod CXLibraryCore (cubex2.cxlibrary.CoreModLoader) is not signed!
[03:51:25] [main/INFO] [FML]: Loading tweaker org.spongepowered.asm.launch.MixinTweaker from forgemod_VoxelMap-1.9.28_for_1.12.2.jar
[03:51:25] [main/WARN] [FML]: Found FMLCorePluginContainsFMLMod marker in Galacticraft-1.12.2-4.0.2.284.jar. This is not recommended, @Mods should be in a separate jar from the coremod.
[03:51:25] [main/WARN] [FML]: The coremod MicdoodlePlugin (micdoodle8.mods.miccore.MicdoodlePlugin) is not signed!
[03:51:26] [main/WARN] [FML]: Found FMLCorePluginContainsFMLMod marker in Mekanism-1.12.2-9.7.9.380.jar. This is not recommended, @Mods should be in a separate jar from the coremod.
[03:51:26] [main/WARN] [FML]: The coremod mekanism.coremod.MekanismCoremod does not have a MCVersion annotation, it may cause issues with this version of Minecraft
[03:51:26] [main/WARN] [FML]: The coremod MekanismCoremod (mekanism.coremod.MekanismCoremod) is not signed!
[03:51:26] [main/INFO] [FML]: Loading tweaker optifine.OptiFineForgeTweaker from OptiFine_1.12.2_HD_U_G5.jar
[03:51:26] [main/INFO] [LaunchWrapper]: Loading tweak class name net.minecraftforge.fml.common.launcher.FMLInjectionAndSortingTweaker
[03:51:26] [main/INFO] [LaunchWrapper]: Loading tweak class name org.spongepowered.asm.launch.MixinTweaker
[03:51:26] [main/INFO] [mixin]: SpongePowered MIXIN Subsystem Version=0.8.3 Source=file:/workspaces/sadsa/servidor_minecraft/./mods/%5B1.12.2%5D%20SecurityCraft%20v1.9.6.jar Service=LaunchWrapper Env=SERVER
[03:51:26] [main/WARN] [FML]: The coremod SecurityCraftLoadingPlugin (net.geforcemods.securitycraft.SecurityCraftLoadingPlugin) is not signed!
[03:51:26] [main/INFO] [mixin]: Compatibility level set to JAVA_8
[03:51:26] [main/WARN] [LaunchWrapper]: Tweak class name org.spongepowered.asm.launch.MixinTweaker has already been visited -- skipping
[03:51:26] [main/INFO] [LaunchWrapper]: Loading tweak class name optifine.OptiFineForgeTweaker
[03:51:26] [main/INFO] [LaunchWrapper]: Loading tweak class name net.minecraftforge.fml.common.launcher.FMLDeobfTweaker
[03:51:26] [main/INFO] [LaunchWrapper]: Calling tweak class net.minecraftforge.fml.common.launcher.FMLInjectionAndSortingTweaker
[03:51:26] [main/INFO] [LaunchWrapper]: Calling tweak class net.minecraftforge.fml.common.launcher.FMLInjectionAndSortingTweaker
[03:51:26] [main/INFO] [LaunchWrapper]: Calling tweak class optifine.OptiFineForgeTweaker
[03:51:26] [main/INFO] [STDOUT]: [optifine.OptiFineForgeTweaker:dbg:56]: OptiFineForgeTweaker: acceptOptions
[03:51:26] [main/INFO] [STDOUT]: [optifine.OptiFineForgeTweaker:dbg:56]: OptiFineForgeTweaker: Forge server detected, skipping class transformer
[03:51:26] [main/INFO] [LaunchWrapper]: Calling tweak class net.minecraftforge.fml.relauncher.CoreModManager$FMLPluginWrapper
[03:51:27] [main/INFO] [FML]: Found valid fingerprint for Minecraft Forge. Certificate fingerprint e3c3d50c7c986df74c645c0ac54639741c90a557
[03:51:27] [main/INFO] [LaunchWrapper]: Calling tweak class net.minecraftforge.fml.relauncher.CoreModManager$FMLPluginWrapper
[03:51:27] [main/INFO] [LaunchWrapper]: Calling tweak class net.minecraftforge.fml.relauncher.CoreModManager$FMLPluginWrapper
[03:51:27] [main/INFO] [MicdoodleCore]: Successfully Registered Transformer
[03:51:27] [main/INFO] [LaunchWrapper]: Calling tweak class org.spongepowered.asm.launch.MixinTweaker
[03:51:27] [main/INFO] [mixin]: Initialised Mixin FML Remapper Adapter with net.minecraftforge.fml.common.asm.transformers.deobf.FMLDeobfuscatingRemapper@5eccd3b9
[03:51:27] [main/INFO] [LaunchWrapper]: Calling tweak class net.minecraftforge.fml.relauncher.CoreModManager$FMLPluginWrapper
[03:51:27] [main/INFO] [LaunchWrapper]: Calling tweak class net.minecraftforge.fml.common.launcher.FMLDeobfTweaker
[03:51:27] [main/INFO] [LaunchWrapper]: Calling tweak class net.minecraftforge.fml.relauncher.CoreModManager$FMLPluginWrapper
[03:51:27] [main/INFO] [LaunchWrapper]: Loading tweak class name net.minecraftforge.fml.common.launcher.TerminalTweaker
[03:51:27] [main/INFO] [LaunchWrapper]: Loading tweak class name org.spongepowered.asm.mixin.EnvironmentStateTweaker
[03:51:27] [main/INFO] [LaunchWrapper]: Calling tweak class net.minecraftforge.fml.common.launcher.TerminalTweaker
[03:51:27] [main/INFO] [LaunchWrapper]: Calling tweak class org.spongepowered.asm.mixin.EnvironmentStateTweaker
[03:51:27] [main/INFO] [STDOUT]: [optifine.OptiFineForgeTweaker:dbg:56]: OptiFineForgeTweaker: getLaunchArguments
[03:51:27] [main/WARN] [mixin]: Error loading class: net/minecraft/client/renderer/entity/Render (java.lang.ClassNotFoundException: The specified class 'net.minecraft.client.renderer.entity.Render' was not found)
[03:51:27] [main/WARN] [mixin]: @Mixin target net.minecraft.client.renderer.entity.Render was not found mixins.voxelmap.json:MixinRender
[03:51:27] [main/WARN] [mixin]: Error loading class: net/minecraft/client/renderer/EntityRenderer (net.minecraftforge.fml.common.asm.ASMTransformerWrapper$TransformerException: Exception in class transformer net.minecraftforge.fml.common.asm.transformers.SideTransformer@5a9800f8 from coremod FMLCorePlugin)
[03:51:27] [main/WARN] [mixin]: @Mixin target net.minecraft.client.renderer.EntityRenderer was not found mixins.voxelmap.json:MixinEntityRenderer
[03:51:27] [main/WARN] [mixin]: Error loading class: net/minecraft/client/renderer/RenderGlobal (net.minecraftforge.fml.common.asm.ASMTransformerWrapper$TransformerException: Exception in class transformer net.minecraftforge.fml.common.asm.transformers.SideTransformer@5a9800f8 from coremod FMLCorePlugin)
[03:51:27] [main/WARN] [mixin]: @Mixin target net.minecraft.client.renderer.RenderGlobal was not found mixins.voxelmap.json:MixinRenderGlobal
[03:51:27] [main/INFO] [LaunchWrapper]: Launching wrapped minecraft {net.minecraft.server.MinecraftServer}
[03:51:31] [Server thread/INFO] [net.minecraft.server.dedicated.DedicatedServer]: Starting minecraft server version 1.12.2
[03:51:31] [Server thread/INFO] [FML]: MinecraftForge v14.23.5.2859 Initialized
[03:51:31] [Server thread/INFO] [FML]: Starts to replace vanilla recipe ingredients with ore ingredients.
[03:51:31] [Server thread/INFO] [FML]: Invalid recipe found with multiple oredict ingredients in the same ingredient...
[03:51:31] [Server thread/INFO] [FML]: Replaced 1227 ore ingredients
[03:51:31] [Server thread/INFO] [FML]: Searching /workspaces/sadsa/servidor_minecraft/./mods for mods
[03:51:32] [Server thread/WARN] [FML]: Mod securitycraft is missing the required element 'version' and a version.properties file could not be found. Falling back to metadata version v1.9.6
[03:51:32] [Server thread/WARN] [FML]: Mod ironchest is missing the required element 'version' and a version.properties file could not be found. Falling back to metadata version 1.12.2-7.0.64.843
[03:51:32] [Server thread/WARN] [FML]: Mod mekanismgenerators is missing the required element 'version' and a version.properties file could not be found. Falling back to metadata version 1.12.2-9.7.9.380
[03:51:32] [Server thread/INFO] [FML]: Disabling mod ptrmodellib it is client side only.
[03:51:32] [Server thread/FATAL] [FML]: Found a duplicate mod voxelmap at [/workspaces/sadsa/servidor_minecraft/./mods/forgemod_VoxelMap-1.9.28_for_1.12.2.jar, ./mods/forgemod_VoxelMap-1.9.28_for_1.12.2.jar]
[03:51:32] [Server thread/ERROR] [net.minecraft.server.MinecraftServer]: Encountered an unexpected exception
net.minecraftforge.fml.common.DuplicateModsFoundException: 
Duplicate Mods:
	voxelmap : /workspaces/sadsa/servidor_minecraft/./mods/forgemod_VoxelMap-1.9.28_for_1.12.2.jar
	voxelmap : /workspaces/sadsa/servidor_minecraft/./mods/forgemod_VoxelMap-1.9.28_for_1.12.2.jar


	at net.minecraftforge.fml.common.Loader.identifyDuplicates(Loader.java:466) ~[Loader.class:?]
	at net.minecraftforge.fml.common.Loader.identifyMods(Loader.java:428) ~[Loader.class:?]
	at net.minecraftforge.fml.common.Loader.loadMods(Loader.java:568) ~[Loader.class:?]
	at net.minecraftforge.fml.server.FMLServerHandler.beginServerLoading(FMLServerHandler.java:98) ~[FMLServerHandler.class:?]
	at net.minecraftforge.fml.common.FMLCommonHandler.onServerStart(FMLCommonHandler.java:333) ~[FMLCommonHandler.class:?]
	at net.minecraft.server.dedicated.DedicatedServer.func_71197_b(DedicatedServer.java:125) ~[nz.class:?]
	at net.minecraft.server.MinecraftServer.run(MinecraftServer.java:486) [MinecraftServer.class:?]
	at java.lang.Thread.run(Thread.java:750) [?:1.8.0_402]
[03:51:32] [Server thread/ERROR] [net.minecraft.server.MinecraftServer]: This crash report has been saved to: /workspaces/sadsa/servidor_minecraft/./crash-reports/crash-2024-05-10_03.51.32-server.txt
[03:51:32] [Server thread/INFO] [net.minecraft.server.MinecraftServer]: Stopping server
[03:51:32] [Server thread/INFO] [net.minecraft.server.MinecraftServer]: Saving worlds
[03:51:32] [Server thread/INFO] [FML]: The state engine was in incorrect state CONSTRUCTING and forced into state SERVER_STOPPED. Errors may have been discarded.
[03:51:32] [Server Shutdown Thread/INFO] [net.minecraft.server.MinecraftServer]: Stopping server
[03:51:32] [Server Shutdown Thread/INFO] [net.minecraft.server.MinecraftServer]: Saving worlds
